Arguments: 
  C:\Program Files\nodejs\node.exe C:\Program Files (x86)\Yarn\bin\yarn.js

PATH: 
  C:\Program Files\bin;C:\Program Files\vendor\conemu-maximus5\ConEmu\Scripts;C:\Program Files\vendor\conemu-maximus5;C:\Program Files\vendor\conemu-maximus5\ConEmu;C:\Program Files (x86)\Common Files\Oracle\Java\javapath;C:\WINDOWS\system32;C:\WINDOWS;C:\WINDOWS\System32\Wbem;C:\WINDOWS\System32\WindowsPowerShell\v1.0\;C:\Program Files\Git\cmd;C:\Program Files\Microsoft SQL Server\130\Tools\Binn\;C:\Program Files\PuTTY\;C:\Program Files\Microsoft VS Code\bin;C:\Program Files\Azure Data Studio\bin;C:\Users\stack\OneDrive\Desktop\DocFx;C:\Program Files\dotnet\;C:\Program Files\Microsoft SQL Server\Client SDK\ODBC\170\Tools\Binn\;C:\WINDOWS\System32\OpenSSH\;C:\Program Files (x86)\Calibre2\;C:\Program Files\nodejs\;C:\Program Files (x86)\Yarn\bin\;C:\Program Files\dotnet\;C:\Users\stack\.windows-build-tools\python27\;C:\Program Files\nodejs\node_modules\npm\node_modules\npm-lifecycle\node-gyp-bin;C:\Users\stack\AppData\Roaming\npm\node_modules\windows-build-tools\node_modules\.bin;C:\Users\stack\AppData\Roaming\npm\node_modules\.bin;C:\Windows\system32;C:\Windows;C:\Windows\System32\Wbem;C:\Windows\System32\WindowsPowerShell\v1.0\;C:\Program Files\Git\cmd;C:\Program Files\Microsoft SQL Server\130\Tools\Binn\;C:\Program Files\nodejs\;C:\Users\stack\AppData\Local\Microsoft\WindowsApps;C:\Program Files\Microsoft VS Code\bin;C:\Users\stack\AppData\Local\GitHubDesktop\bin;C:\Users\stack\.dotnet\tools;C:\Program Files\Factom\;C:\Program Files\Azure Data Studio\bin;C:\Program Files (x86)\mitmproxy\bin;C:\Users\stack\AppData\Local\Microsoft\WindowsApps;C:\Exercism;C:\Users\stack\AppData\Roaming\npm;C:\Users\stack\AppData\Local\Yarn\bin;C:\Program Files\heroku\bin;C:\Users\stack\AppData\Local\gmaster\bin;C:\Program Files

Yarn version: 
  1.19.1

Node version: 
  10.16.2

Platform: 
  win32 x64

Trace: 
  SyntaxError: C:\Users\stack\gitrepos\catfork\package.json: Unexpected token } in JSON at position 433
      at JSON.parse (<anonymous>)
      at C:\Program Files (x86)\Yarn\lib\cli.js:1625:59
      at Generator.next (<anonymous>)
      at step (C:\Program Files (x86)\Yarn\lib\cli.js:304:30)
      at C:\Program Files (x86)\Yarn\lib\cli.js:315:13

npm manifest: 
  {
    "name": "catfork",
    "version": "0.5.0",
    "private": false,
    "dependencies": {
      "axios": "^0.18.0",
      "babel-eslint": "^10.0.3",
      "bootstrap": "^4.4.1",
      "dotenv": "^8.2.0",
      "eslint-plugin-react-hooks": "^2.3.0",
      "firebase": "^7.5.0",
      "foreman": "^3.0.1",
      "react": "^16.11.0",
      "react-bootstrap": "1.0.0-beta.16",
      "react-dom": "^16.11.0",
      "react-redux": "^7.1.1",
      "redux": "^3.7.2",
    },
    "devDependencies": {
      "eslint": "^6.1.0",
      "eslint-plugin-babel": "^4.1.1",
      "eslint-plugin-react": "^7.3.0",
      "react-scripts": "3.2.0"
    },
    
    "scripts": {
      "start": "react-scripts start",
      "build": "react-scripts build",
      "test": "react-scripts test --env=jsdom",
      "eject": "react-scripts eject",
      "server": "node-env-run server --exec nodemon | pino-colada"
    },
    "browserslist": {
      "production": [
        ">0.2%",
        "not dead",
        "not op_mini all"
      ],
      "development": [
        "last 1 chrome version",
        "last 1 firefox version",
        "last 1 safari version"
      ]
    }
  }

yarn manifest: 
  No manifest

Lockfile: 
  No lockfile
